<?xml version="1.0" encoding="UTF-8"?>
<!-- Generated by org.testng.reporters.JUnitReportReporter -->
<testsuite hostname="LAPTOP-BA9NM6DM" failures="0" tests="1" name="Test03_POST" time="1.906" errors="0" timestamp="2023-04-01T15:24:51 CDT" skipped="0">
  <testcase classname="Test03_POST" name="Testcase3" time="1.906"/>
  <system-out/>
</testsuite> <!-- Test03_POST -->
