<?xml version="1.0" encoding="UTF-8"?>
<!-- Generated by org.testng.reporters.JUnitReportReporter -->
<testsuite hostname="LAPTOP-BA9NM6DM" failures="0" tests="1" name="Test01_GET" time="1.861" errors="0" timestamp="2023-04-01T00:04:13 CDT" skipped="0">
  <testcase classname="Test01_GET" name="testcase1" time="1.861"/>
  <system-out/>
</testsuite> <!-- Test01_GET -->
