<?xml version="1.0" encoding="UTF-8"?>
<!-- Generated by org.testng.reporters.JUnitReportReporter -->
<testsuite hostname="LAPTOP-BA9NM6DM" failures="0" tests="1" name="Test02_GET" time="3.561" errors="0" timestamp="2023-04-01T00:51:16 CDT" skipped="0">
  <testcase classname="Test02_GET" name="testcase2" time="3.561"/>
  <system-out/>
</testsuite> <!-- Test02_GET -->
