<?xml version="1.0" encoding="UTF-8"?>
<!-- Generated by org.testng.reporters.JUnitReportReporter -->
<testsuite hostname="LAPTOP-BA9NM6DM" failures="0" tests="1" name="Test04_PUT" time="2.504" errors="0" timestamp="2023-04-01T15:45:39 CDT" skipped="0">
  <testcase classname="Test04_PUT" name="testcase4" time="2.504"/>
  <system-out/>
</testsuite> <!-- Test04_PUT -->
