<?xml version="1.0" encoding="UTF-8"?>
<!-- Generated by org.testng.reporters.JUnitReportReporter -->
<testsuite hostname="LAPTOP-BA9NM6DM" failures="0" tests="4" name="DataProvidewithExcel" time="0.007" errors="0" timestamp="2023-03-12T19:37:07 CDT" skipped="0">
  <testcase classname="DataProvidewithExcel" name="testcase" time="0.004"/>
  <system-out/>
  <testcase classname="DataProvidewithExcel" name="testcase" time="0.001"/>
  <system-out/>
  <testcase classname="DataProvidewithExcel" name="testcase" time="0.001"/>
  <system-out/>
  <testcase classname="DataProvidewithExcel" name="testcase" time="0.001"/>
  <system-out/>
</testsuite> <!-- DataProvidewithExcel -->
