<?xml version="1.0" encoding="UTF-8"?>
<!-- Generated by org.testng.reporters.JUnitReportReporter -->
<testsuite hostname="LAPTOP-BA9NM6DM" failures="0" tests="1" name="Excel" time="1.647" errors="0" timestamp="2023-03-11T02:41:26 CST" skipped="0">
  <testcase classname="Excel" name="getdata" time="1.647"/>
  <system-out/>
</testsuite> <!-- Excel -->
