<?xml version="1.0" encoding="UTF-8"?>
<!-- Generated by org.testng.reporters.JUnitReportReporter -->
<testsuite hostname="LAPTOP-BA9NM6DM" failures="0" tests="3" name="DataProvide" time="0.008" errors="0" timestamp="2023-03-03T00:28:34 CST" skipped="0">
  <testcase classname="DataProvide" name="testcase" time="0.001"/>
  <system-out/>
  <testcase classname="DataProvide" name="testcase" time="0.006"/>
  <system-out/>
  <testcase classname="DataProvide" name="testcase" time="0.001"/>
  <system-out/>
</testsuite> <!-- DataProvide -->
